<?xml version="1.0" encoding="utf-8"?>
<databaseChangeLog xmlns="http://www.liquibase.org/xml/ns/dbchangelog/1.9" xmlns:xsi="http://www.w3.org/2001/XMLSchema-instance" xsi:schemaLocation="http://www.liquibase.org/xml/ns/dbchangelog/1.9 http://www.liquibase.org/xml/ns/dbchangelog/dbchangelog-1.9.xsd">

    <changeSet author="john" id="1">
        <comment>Adds is_normal  column to test_result</comment>
        <addColumn tableName="test_result" schemaName="clinlims">
            <column name="is_normal" type=" boolean " />
        </addColumn>
    </changeSet>
</databaseChangeLog>